<?xml version="1.0" encoding="UTF-8"?>
<testsuite xmlns:xsi="http://www.w3.org/2001/XMLSchema-instance" xsi:noNamespaceSchemaLocation="https://maven.apache.org/surefire/maven-surefire-plugin/xsd/surefire-test-report-3.0.xsd" version="3.0" name="TestSuite" time="156.276" tests="7" errors="0" skipped="0" failures="0">
  <properties>
    <property name="java.specification.version" value="17"/>
    <property name="sun.cpu.isalist" value="amd64"/>
    <property name="sun.jnu.encoding" value="Cp1252"/>
    <property name="testng.Skipped" value="0"/>
    <property name="java.class.path" value="C:\Users\HELLO\eclipse-workspace\Magento\target\test-classes;C:\Users\HELLO\eclipse-workspace\Magento\target\classes;C:\Users\HELLO\.m2\repository\org\seleniumhq\selenium\selenium-java\4.17.0\selenium-java-4.17.0.jar;C:\Users\HELLO\.m2\repository\org\seleniumhq\selenium\selenium-api\4.17.0\selenium-api-4.17.0.jar;C:\Users\HELLO\.m2\repository\org\seleniumhq\selenium\selenium-chrome-driver\4.17.0\selenium-chrome-driver-4.17.0.jar;C:\Users\HELLO\.m2\repository\com\google\auto\service\auto-service-annotations\1.1.1\auto-service-annotations-1.1.1.jar;C:\Users\HELLO\.m2\repository\org\seleniumhq\selenium\selenium-chromium-driver\4.17.0\selenium-chromium-driver-4.17.0.jar;C:\Users\HELLO\.m2\repository\org\seleniumhq\selenium\selenium-json\4.17.0\selenium-json-4.17.0.jar;C:\Users\HELLO\.m2\repository\org\seleniumhq\selenium\selenium-manager\4.17.0\selenium-manager-4.17.0.jar;C:\Users\HELLO\.m2\repository\org\seleniumhq\selenium\selenium-devtools-v119\4.17.0\selenium-devtools-v119-4.17.0.jar;C:\Users\HELLO\.m2\repository\org\seleniumhq\selenium\selenium-devtools-v120\4.17.0\selenium-devtools-v120-4.17.0.jar;C:\Users\HELLO\.m2\repository\org\seleniumhq\selenium\selenium-devtools-v121\4.17.0\selenium-devtools-v121-4.17.0.jar;C:\Users\HELLO\.m2\repository\org\seleniumhq\selenium\selenium-devtools-v85\4.17.0\selenium-devtools-v85-4.17.0.jar;C:\Users\HELLO\.m2\repository\org\seleniumhq\selenium\selenium-edge-driver\4.17.0\selenium-edge-driver-4.17.0.jar;C:\Users\HELLO\.m2\repository\org\seleniumhq\selenium\selenium-firefox-driver\4.17.0\selenium-firefox-driver-4.17.0.jar;C:\Users\HELLO\.m2\repository\org\seleniumhq\selenium\selenium-http\4.17.0\selenium-http-4.17.0.jar;C:\Users\HELLO\.m2\repository\dev\failsafe\failsafe\3.3.2\failsafe-3.3.2.jar;C:\Users\HELLO\.m2\repository\org\seleniumhq\selenium\selenium-ie-driver\4.17.0\selenium-ie-driver-4.17.0.jar;C:\Users\HELLO\.m2\repository\org\seleniumhq\selenium\selenium-remote-driver\4.17.0\selenium-remote-driver-4.17.0.jar;C:\Users\HELLO\.m2\repository\io\opentelemetry\semconv\opentelemetry-semconv\1.23.1-alpha\opentelemetry-semconv-1.23.1-alpha.jar;C:\Users\HELLO\.m2\repository\io\opentelemetry\opentelemetry-api\1.34.1\opentelemetry-api-1.34.1.jar;C:\Users\HELLO\.m2\repository\io\opentelemetry\opentelemetry-context\1.34.1\opentelemetry-context-1.34.1.jar;C:\Users\HELLO\.m2\repository\io\opentelemetry\opentelemetry-exporter-logging\1.34.1\opentelemetry-exporter-logging-1.34.1.jar;C:\Users\HELLO\.m2\repository\io\opentelemetry\opentelemetry-sdk-common\1.34.1\opentelemetry-sdk-common-1.34.1.jar;C:\Users\HELLO\.m2\repository\io\opentelemetry\opentelemetry-sdk-extension-autoconfigure-spi\1.34.1\opentelemetry-sdk-extension-autoconfigure-spi-1.34.1.jar;C:\Users\HELLO\.m2\repository\io\opentelemetry\opentelemetry-sdk-extension-autoconfigure\1.34.1\opentelemetry-sdk-extension-autoconfigure-1.34.1.jar;C:\Users\HELLO\.m2\repository\io\opentelemetry\opentelemetry-api-events\1.34.1-alpha\opentelemetry-api-events-1.34.1-alpha.jar;C:\Users\HELLO\.m2\repository\io\opentelemetry\opentelemetry-sdk-trace\1.34.1\opentelemetry-sdk-trace-1.34.1.jar;C:\Users\HELLO\.m2\repository\io\opentelemetry\opentelemetry-sdk\1.34.1\opentelemetry-sdk-1.34.1.jar;C:\Users\HELLO\.m2\repository\io\opentelemetry\opentelemetry-sdk-metrics\1.34.1\opentelemetry-sdk-metrics-1.34.1.jar;C:\Users\HELLO\.m2\repository\io\opentelemetry\opentelemetry-extension-incubator\1.34.1-alpha\opentelemetry-extension-incubator-1.34.1-alpha.jar;C:\Users\HELLO\.m2\repository\io\opentelemetry\opentelemetry-sdk-logs\1.34.1\opentelemetry-sdk-logs-1.34.1.jar;C:\Users\HELLO\.m2\repository\net\bytebuddy\byte-buddy\1.14.11\byte-buddy-1.14.11.jar;C:\Users\HELLO\.m2\repository\org\seleniumhq\selenium\selenium-os\4.17.0\selenium-os-4.17.0.jar;C:\Users\HELLO\.m2\repository\org\apache\commons\commons-exec\1.3\commons-exec-1.3.jar;C:\Users\HELLO\.m2\repository\org\seleniumhq\selenium\selenium-safari-driver\4.17.0\selenium-safari-driver-4.17.0.jar;C:\Users\HELLO\.m2\repository\org\seleniumhq\selenium\selenium-support\4.17.0\selenium-support-4.17.0.jar;C:\Users\HELLO\.m2\repository\io\cucumber\cucumber-java\7.21.1\cucumber-java-7.21.1.jar;C:\Users\HELLO\.m2\repository\org\apiguardian\apiguardian-api\1.1.2\apiguardian-api-1.1.2.jar;C:\Users\HELLO\.m2\repository\io\cucumber\cucumber-picocontainer\7.21.1\cucumber-picocontainer-7.21.1.jar;C:\Users\HELLO\.m2\repository\org\picocontainer\picocontainer\2.15\picocontainer-2.15.jar;C:\Users\HELLO\.m2\repository\io\cucumber\cucumber-core\7.21.1\cucumber-core-7.21.1.jar;C:\Users\HELLO\.m2\repository\io\cucumber\cucumber-gherkin\7.21.1\cucumber-gherkin-7.21.1.jar;C:\Users\HELLO\.m2\repository\io\cucumber\cucumber-gherkin-messages\7.21.1\cucumber-gherkin-messages-7.21.1.jar;C:\Users\HELLO\.m2\repository\io\cucumber\messages\27.2.0\messages-27.2.0.jar;C:\Users\HELLO\.m2\repository\io\cucumber\testng-xml-formatter\0.3.1\testng-xml-formatter-0.3.1.jar;C:\Users\HELLO\.m2\repository\io\cucumber\query\13.2.0\query-13.2.0.jar;C:\Users\HELLO\.m2\repository\io\cucumber\tag-expressions\6.1.2\tag-expressions-6.1.2.jar;C:\Users\HELLO\.m2\repository\io\cucumber\cucumber-expressions\18.0.1\cucumber-expressions-18.0.1.jar;C:\Users\HELLO\.m2\repository\io\cucumber\datatable\7.21.1\datatable-7.21.1.jar;C:\Users\HELLO\.m2\repository\io\cucumber\cucumber-plugin\7.21.1\cucumber-plugin-7.21.1.jar;C:\Users\HELLO\.m2\repository\io\cucumber\docstring\7.21.1\docstring-7.21.1.jar;C:\Users\HELLO\.m2\repository\io\cucumber\html-formatter\21.9.0\html-formatter-21.9.0.jar;C:\Users\HELLO\.m2\repository\io\cucumber\junit-xml-formatter\0.7.1\junit-xml-formatter-0.7.1.jar;C:\Users\HELLO\.m2\repository\io\cucumber\ci-environment\10.0.1\ci-environment-10.0.1.jar;C:\Users\HELLO\.m2\repository\io\cucumber\cucumber-testng\7.21.1\cucumber-testng-7.21.1.jar;C:\Users\HELLO\.m2\repository\io\cucumber\gherkin\32.0.0\gherkin-32.0.0.jar;C:\Users\HELLO\.m2\repository\org\apache\poi\poi\5.4.0\poi-5.4.0.jar;C:\Users\HELLO\.m2\repository\commons-codec\commons-codec\1.17.1\commons-codec-1.17.1.jar;C:\Users\HELLO\.m2\repository\org\apache\commons\commons-collections4\4.4\commons-collections4-4.4.jar;C:\Users\HELLO\.m2\repository\org\apache\commons\commons-math3\3.6.1\commons-math3-3.6.1.jar;C:\Users\HELLO\.m2\repository\commons-io\commons-io\2.18.0\commons-io-2.18.0.jar;C:\Users\HELLO\.m2\repository\com\zaxxer\SparseBitSet\1.3\SparseBitSet-1.3.jar;C:\Users\HELLO\.m2\repository\org\apache\poi\poi-ooxml\5.4.0\poi-ooxml-5.4.0.jar;C:\Users\HELLO\.m2\repository\org\apache\poi\poi-ooxml-lite\5.4.0\poi-ooxml-lite-5.4.0.jar;C:\Users\HELLO\.m2\repository\org\apache\xmlbeans\xmlbeans\5.3.0\xmlbeans-5.3.0.jar;C:\Users\HELLO\.m2\repository\org\apache\commons\commons-compress\1.27.1\commons-compress-1.27.1.jar;C:\Users\HELLO\.m2\repository\org\apache\commons\commons-lang3\3.16.0\commons-lang3-3.16.0.jar;C:\Users\HELLO\.m2\repository\com\github\virtuald\curvesapi\1.08\curvesapi-1.08.jar;C:\Users\HELLO\.m2\repository\org\apache\logging\log4j\log4j-api\2.20.0\log4j-api-2.20.0.jar;C:\Users\HELLO\.m2\repository\org\apache\logging\log4j\log4j-core\2.20.0\log4j-core-2.20.0.jar;C:\Users\HELLO\.m2\repository\org\testng\testng\7.10.0\testng-7.10.0.jar;C:\Users\HELLO\.m2\repository\org\slf4j\slf4j-api\1.7.36\slf4j-api-1.7.36.jar;C:\Users\HELLO\.m2\repository\com\beust\jcommander\1.82\jcommander-1.82.jar;C:\Users\HELLO\.m2\repository\org\webjars\jquery\3.7.1\jquery-3.7.1.jar;C:\Users\HELLO\.m2\repository\com\github\sdrss\reportng\2.7.0\reportng-2.7.0.jar;C:\Users\HELLO\.m2\repository\velocity\velocity\1.5\velocity-1.5.jar;C:\Users\HELLO\.m2\repository\commons-collections\commons-collections\3.1\commons-collections-3.1.jar;C:\Users\HELLO\.m2\repository\commons-lang\commons-lang\2.1\commons-lang-2.1.jar;C:\Users\HELLO\.m2\repository\oro\oro\2.0.8\oro-2.0.8.jar;C:\Users\HELLO\.m2\repository\com\fasterxml\jackson\core\jackson-core\2.10.1\jackson-core-2.10.1.jar;C:\Users\HELLO\.m2\repository\com\fasterxml\jackson\core\jackson-databind\2.12.7.1\jackson-databind-2.12.7.1.jar;C:\Users\HELLO\.m2\repository\com\fasterxml\jackson\core\jackson-annotations\2.10.1\jackson-annotations-2.10.1.jar;C:\Users\HELLO\.m2\repository\com\google\inject\guice\7.0.0\guice-7.0.0.jar;C:\Users\HELLO\.m2\repository\jakarta\inject\jakarta.inject-api\2.0.1\jakarta.inject-api-2.0.1.jar;C:\Users\HELLO\.m2\repository\aopalliance\aopalliance\1.0\aopalliance-1.0.jar;C:\Users\HELLO\.m2\repository\com\google\guava\guava\31.0.1-jre\guava-31.0.1-jre.jar;C:\Users\HELLO\.m2\repository\com\google\guava\failureaccess\1.0.1\failureaccess-1.0.1.jar;C:\Users\HELLO\.m2\repository\com\google\guava\listenablefuture\9999.0-empty-to-avoid-conflict-with-guava\listenablefuture-9999.0-empty-to-avoid-conflict-with-guava.jar;C:\Users\HELLO\.m2\repository\com\google\code\findbugs\jsr305\3.0.2\jsr305-3.0.2.jar;C:\Users\HELLO\.m2\repository\org\checkerframework\checker-qual\3.12.0\checker-qual-3.12.0.jar;C:\Users\HELLO\.m2\repository\com\google\errorprone\error_prone_annotations\2.7.1\error_prone_annotations-2.7.1.jar;C:\Users\HELLO\.m2\repository\com\google\j2objc\j2objc-annotations\1.3\j2objc-annotations-1.3.jar;C:\Users\HELLO\.m2\repository\com\aventstack\extentreports\5.1.2\extentreports-5.1.2.jar;C:\Users\HELLO\.m2\repository\io\reactivex\rxjava3\rxjava\3.1.6\rxjava-3.1.6.jar;C:\Users\HELLO\.m2\repository\org\reactivestreams\reactive-streams\1.0.4\reactive-streams-1.0.4.jar;C:\Users\HELLO\.m2\repository\org\freemarker\freemarker\2.3.32\freemarker-2.3.32.jar;C:\Users\HELLO\.m2\repository\org\projectlombok\lombok\1.18.26\lombok-1.18.26.jar;C:\Users\HELLO\.m2\repository\com\google\code\gson\gson\2.10.1\gson-2.10.1.jar;C:\Users\HELLO\.m2\repository\io\qameta\allure\allure-testng\2.29.1\allure-testng-2.29.1.jar;C:\Users\HELLO\.m2\repository\io\qameta\allure\allure-java-commons\2.29.1\allure-java-commons-2.29.1.jar;C:\Users\HELLO\.m2\repository\io\qameta\allure\allure-model\2.29.1\allure-model-2.29.1.jar;C:\Users\HELLO\.m2\repository\io\qameta\allure\allure-test-filter\2.29.1\allure-test-filter-2.29.1.jar;"/>
    <property name="java.vm.vendor" value="Eclipse Adoptium"/>
    <property name="sun.arch.data.model" value="64"/>
    <property name="user.variant" value=""/>
    <property name="java.vendor.url" value="https://adoptium.net/"/>
    <property name="user.timezone" value="Asia/Calcutta"/>
    <property name="os.name" value="Windows 11"/>
    <property name="java.vm.specification.version" value="17"/>
    <property name="sun.java.launcher" value="SUN_STANDARD"/>
    <property name="user.country" value="IN"/>
    <property name="sun.boot.library.path" value="C:\Users\HELLO\.p2\pool\plugins\org.eclipse.justj.openjdk.hotspot.jre.full.win32.x86_64_17.0.7.v20230425-1502\jre\bin"/>
    <property name="sun.java.command" value="C:\Users\HELLO\AppData\Local\Temp\surefire10341992171000687112\surefirebooter5161408497509564745.jar C:\Users\HELLO\AppData\Local\Temp\surefire10341992171000687112 2025-03-26T10-54-16_011-jvmRun1 surefire12065147927851383916tmp surefire_01344174065879872587tmp"/>
    <property name="jdk.debug" value="release"/>
    <property name="surefire.test.class.path" value="C:\Users\HELLO\eclipse-workspace\Magento\target\test-classes;C:\Users\HELLO\eclipse-workspace\Magento\target\classes;C:\Users\HELLO\.m2\repository\org\seleniumhq\selenium\selenium-java\4.17.0\selenium-java-4.17.0.jar;C:\Users\HELLO\.m2\repository\org\seleniumhq\selenium\selenium-api\4.17.0\selenium-api-4.17.0.jar;C:\Users\HELLO\.m2\repository\org\seleniumhq\selenium\selenium-chrome-driver\4.17.0\selenium-chrome-driver-4.17.0.jar;C:\Users\HELLO\.m2\repository\com\google\auto\service\auto-service-annotations\1.1.1\auto-service-annotations-1.1.1.jar;C:\Users\HELLO\.m2\repository\org\seleniumhq\selenium\selenium-chromium-driver\4.17.0\selenium-chromium-driver-4.17.0.jar;C:\Users\HELLO\.m2\repository\org\seleniumhq\selenium\selenium-json\4.17.0\selenium-json-4.17.0.jar;C:\Users\HELLO\.m2\repository\org\seleniumhq\selenium\selenium-manager\4.17.0\selenium-manager-4.17.0.jar;C:\Users\HELLO\.m2\repository\org\seleniumhq\selenium\selenium-devtools-v119\4.17.0\selenium-devtools-v119-4.17.0.jar;C:\Users\HELLO\.m2\repository\org\seleniumhq\selenium\selenium-devtools-v120\4.17.0\selenium-devtools-v120-4.17.0.jar;C:\Users\HELLO\.m2\repository\org\seleniumhq\selenium\selenium-devtools-v121\4.17.0\selenium-devtools-v121-4.17.0.jar;C:\Users\HELLO\.m2\repository\org\seleniumhq\selenium\selenium-devtools-v85\4.17.0\selenium-devtools-v85-4.17.0.jar;C:\Users\HELLO\.m2\repository\org\seleniumhq\selenium\selenium-edge-driver\4.17.0\selenium-edge-driver-4.17.0.jar;C:\Users\HELLO\.m2\repository\org\seleniumhq\selenium\selenium-firefox-driver\4.17.0\selenium-firefox-driver-4.17.0.jar;C:\Users\HELLO\.m2\repository\org\seleniumhq\selenium\selenium-http\4.17.0\selenium-http-4.17.0.jar;C:\Users\HELLO\.m2\repository\dev\failsafe\failsafe\3.3.2\failsafe-3.3.2.jar;C:\Users\HELLO\.m2\repository\org\seleniumhq\selenium\selenium-ie-driver\4.17.0\selenium-ie-driver-4.17.0.jar;C:\Users\HELLO\.m2\repository\org\seleniumhq\selenium\selenium-remote-driver\4.17.0\selenium-remote-driver-4.17.0.jar;C:\Users\HELLO\.m2\repository\io\opentelemetry\semconv\opentelemetry-semconv\1.23.1-alpha\opentelemetry-semconv-1.23.1-alpha.jar;C:\Users\HELLO\.m2\repository\io\opentelemetry\opentelemetry-api\1.34.1\opentelemetry-api-1.34.1.jar;C:\Users\HELLO\.m2\repository\io\opentelemetry\opentelemetry-context\1.34.1\opentelemetry-context-1.34.1.jar;C:\Users\HELLO\.m2\repository\io\opentelemetry\opentelemetry-exporter-logging\1.34.1\opentelemetry-exporter-logging-1.34.1.jar;C:\Users\HELLO\.m2\repository\io\opentelemetry\opentelemetry-sdk-common\1.34.1\opentelemetry-sdk-common-1.34.1.jar;C:\Users\HELLO\.m2\repository\io\opentelemetry\opentelemetry-sdk-extension-autoconfigure-spi\1.34.1\opentelemetry-sdk-extension-autoconfigure-spi-1.34.1.jar;C:\Users\HELLO\.m2\repository\io\opentelemetry\opentelemetry-sdk-extension-autoconfigure\1.34.1\opentelemetry-sdk-extension-autoconfigure-1.34.1.jar;C:\Users\HELLO\.m2\repository\io\opentelemetry\opentelemetry-api-events\1.34.1-alpha\opentelemetry-api-events-1.34.1-alpha.jar;C:\Users\HELLO\.m2\repository\io\opentelemetry\opentelemetry-sdk-trace\1.34.1\opentelemetry-sdk-trace-1.34.1.jar;C:\Users\HELLO\.m2\repository\io\opentelemetry\opentelemetry-sdk\1.34.1\opentelemetry-sdk-1.34.1.jar;C:\Users\HELLO\.m2\repository\io\opentelemetry\opentelemetry-sdk-metrics\1.34.1\opentelemetry-sdk-metrics-1.34.1.jar;C:\Users\HELLO\.m2\repository\io\opentelemetry\opentelemetry-extension-incubator\1.34.1-alpha\opentelemetry-extension-incubator-1.34.1-alpha.jar;C:\Users\HELLO\.m2\repository\io\opentelemetry\opentelemetry-sdk-logs\1.34.1\opentelemetry-sdk-logs-1.34.1.jar;C:\Users\HELLO\.m2\repository\net\bytebuddy\byte-buddy\1.14.11\byte-buddy-1.14.11.jar;C:\Users\HELLO\.m2\repository\org\seleniumhq\selenium\selenium-os\4.17.0\selenium-os-4.17.0.jar;C:\Users\HELLO\.m2\repository\org\apache\commons\commons-exec\1.3\commons-exec-1.3.jar;C:\Users\HELLO\.m2\repository\org\seleniumhq\selenium\selenium-safari-driver\4.17.0\selenium-safari-driver-4.17.0.jar;C:\Users\HELLO\.m2\repository\org\seleniumhq\selenium\selenium-support\4.17.0\selenium-support-4.17.0.jar;C:\Users\HELLO\.m2\repository\io\cucumber\cucumber-java\7.21.1\cucumber-java-7.21.1.jar;C:\Users\HELLO\.m2\repository\org\apiguardian\apiguardian-api\1.1.2\apiguardian-api-1.1.2.jar;C:\Users\HELLO\.m2\repository\io\cucumber\cucumber-picocontainer\7.21.1\cucumber-picocontainer-7.21.1.jar;C:\Users\HELLO\.m2\repository\org\picocontainer\picocontainer\2.15\picocontainer-2.15.jar;C:\Users\HELLO\.m2\repository\io\cucumber\cucumber-core\7.21.1\cucumber-core-7.21.1.jar;C:\Users\HELLO\.m2\repository\io\cucumber\cucumber-gherkin\7.21.1\cucumber-gherkin-7.21.1.jar;C:\Users\HELLO\.m2\repository\io\cucumber\cucumber-gherkin-messages\7.21.1\cucumber-gherkin-messages-7.21.1.jar;C:\Users\HELLO\.m2\repository\io\cucumber\messages\27.2.0\messages-27.2.0.jar;C:\Users\HELLO\.m2\repository\io\cucumber\testng-xml-formatter\0.3.1\testng-xml-formatter-0.3.1.jar;C:\Users\HELLO\.m2\repository\io\cucumber\query\13.2.0\query-13.2.0.jar;C:\Users\HELLO\.m2\repository\io\cucumber\tag-expressions\6.1.2\tag-expressions-6.1.2.jar;C:\Users\HELLO\.m2\repository\io\cucumber\cucumber-expressions\18.0.1\cucumber-expressions-18.0.1.jar;C:\Users\HELLO\.m2\repository\io\cucumber\datatable\7.21.1\datatable-7.21.1.jar;C:\Users\HELLO\.m2\repository\io\cucumber\cucumber-plugin\7.21.1\cucumber-plugin-7.21.1.jar;C:\Users\HELLO\.m2\repository\io\cucumber\docstring\7.21.1\docstring-7.21.1.jar;C:\Users\HELLO\.m2\repository\io\cucumber\html-formatter\21.9.0\html-formatter-21.9.0.jar;C:\Users\HELLO\.m2\repository\io\cucumber\junit-xml-formatter\0.7.1\junit-xml-formatter-0.7.1.jar;C:\Users\HELLO\.m2\repository\io\cucumber\ci-environment\10.0.1\ci-environment-10.0.1.jar;C:\Users\HELLO\.m2\repository\io\cucumber\cucumber-testng\7.21.1\cucumber-testng-7.21.1.jar;C:\Users\HELLO\.m2\repository\io\cucumber\gherkin\32.0.0\gherkin-32.0.0.jar;C:\Users\HELLO\.m2\repository\org\apache\poi\poi\5.4.0\poi-5.4.0.jar;C:\Users\HELLO\.m2\repository\commons-codec\commons-codec\1.17.1\commons-codec-1.17.1.jar;C:\Users\HELLO\.m2\repository\org\apache\commons\commons-collections4\4.4\commons-collections4-4.4.jar;C:\Users\HELLO\.m2\repository\org\apache\commons\commons-math3\3.6.1\commons-math3-3.6.1.jar;C:\Users\HELLO\.m2\repository\commons-io\commons-io\2.18.0\commons-io-2.18.0.jar;C:\Users\HELLO\.m2\repository\com\zaxxer\SparseBitSet\1.3\SparseBitSet-1.3.jar;C:\Users\HELLO\.m2\repository\org\apache\poi\poi-ooxml\5.4.0\poi-ooxml-5.4.0.jar;C:\Users\HELLO\.m2\repository\org\apache\poi\poi-ooxml-lite\5.4.0\poi-ooxml-lite-5.4.0.jar;C:\Users\HELLO\.m2\repository\org\apache\xmlbeans\xmlbeans\5.3.0\xmlbeans-5.3.0.jar;C:\Users\HELLO\.m2\repository\org\apache\commons\commons-compress\1.27.1\commons-compress-1.27.1.jar;C:\Users\HELLO\.m2\repository\org\apache\commons\commons-lang3\3.16.0\commons-lang3-3.16.0.jar;C:\Users\HELLO\.m2\repository\com\github\virtuald\curvesapi\1.08\curvesapi-1.08.jar;C:\Users\HELLO\.m2\repository\org\apache\logging\log4j\log4j-api\2.20.0\log4j-api-2.20.0.jar;C:\Users\HELLO\.m2\repository\org\apache\logging\log4j\log4j-core\2.20.0\log4j-core-2.20.0.jar;C:\Users\HELLO\.m2\repository\org\testng\testng\7.10.0\testng-7.10.0.jar;C:\Users\HELLO\.m2\repository\org\slf4j\slf4j-api\1.7.36\slf4j-api-1.7.36.jar;C:\Users\HELLO\.m2\repository\com\beust\jcommander\1.82\jcommander-1.82.jar;C:\Users\HELLO\.m2\repository\org\webjars\jquery\3.7.1\jquery-3.7.1.jar;C:\Users\HELLO\.m2\repository\com\github\sdrss\reportng\2.7.0\reportng-2.7.0.jar;C:\Users\HELLO\.m2\repository\velocity\velocity\1.5\velocity-1.5.jar;C:\Users\HELLO\.m2\repository\commons-collections\commons-collections\3.1\commons-collections-3.1.jar;C:\Users\HELLO\.m2\repository\commons-lang\commons-lang\2.1\commons-lang-2.1.jar;C:\Users\HELLO\.m2\repository\oro\oro\2.0.8\oro-2.0.8.jar;C:\Users\HELLO\.m2\repository\com\fasterxml\jackson\core\jackson-core\2.10.1\jackson-core-2.10.1.jar;C:\Users\HELLO\.m2\repository\com\fasterxml\jackson\core\jackson-databind\2.12.7.1\jackson-databind-2.12.7.1.jar;C:\Users\HELLO\.m2\repository\com\fasterxml\jackson\core\jackson-annotations\2.10.1\jackson-annotations-2.10.1.jar;C:\Users\HELLO\.m2\repository\com\google\inject\guice\7.0.0\guice-7.0.0.jar;C:\Users\HELLO\.m2\repository\jakarta\inject\jakarta.inject-api\2.0.1\jakarta.inject-api-2.0.1.jar;C:\Users\HELLO\.m2\repository\aopalliance\aopalliance\1.0\aopalliance-1.0.jar;C:\Users\HELLO\.m2\repository\com\google\guava\guava\31.0.1-jre\guava-31.0.1-jre.jar;C:\Users\HELLO\.m2\repository\com\google\guava\failureaccess\1.0.1\failureaccess-1.0.1.jar;C:\Users\HELLO\.m2\repository\com\google\guava\listenablefuture\9999.0-empty-to-avoid-conflict-with-guava\listenablefuture-9999.0-empty-to-avoid-conflict-with-guava.jar;C:\Users\HELLO\.m2\repository\com\google\code\findbugs\jsr305\3.0.2\jsr305-3.0.2.jar;C:\Users\HELLO\.m2\repository\org\checkerframework\checker-qual\3.12.0\checker-qual-3.12.0.jar;C:\Users\HELLO\.m2\repository\com\google\errorprone\error_prone_annotations\2.7.1\error_prone_annotations-2.7.1.jar;C:\Users\HELLO\.m2\repository\com\google\j2objc\j2objc-annotations\1.3\j2objc-annotations-1.3.jar;C:\Users\HELLO\.m2\repository\com\aventstack\extentreports\5.1.2\extentreports-5.1.2.jar;C:\Users\HELLO\.m2\repository\io\reactivex\rxjava3\rxjava\3.1.6\rxjava-3.1.6.jar;C:\Users\HELLO\.m2\repository\org\reactivestreams\reactive-streams\1.0.4\reactive-streams-1.0.4.jar;C:\Users\HELLO\.m2\repository\org\freemarker\freemarker\2.3.32\freemarker-2.3.32.jar;C:\Users\HELLO\.m2\repository\org\projectlombok\lombok\1.18.26\lombok-1.18.26.jar;C:\Users\HELLO\.m2\repository\com\google\code\gson\gson\2.10.1\gson-2.10.1.jar;C:\Users\HELLO\.m2\repository\io\qameta\allure\allure-testng\2.29.1\allure-testng-2.29.1.jar;C:\Users\HELLO\.m2\repository\io\qameta\allure\allure-java-commons\2.29.1\allure-java-commons-2.29.1.jar;C:\Users\HELLO\.m2\repository\io\qameta\allure\allure-model\2.29.1\allure-model-2.29.1.jar;C:\Users\HELLO\.m2\repository\io\qameta\allure\allure-test-filter\2.29.1\allure-test-filter-2.29.1.jar;"/>
    <property name="sun.cpu.endian" value="little"/>
    <property name="user.home" value="C:\Users\HELLO"/>
    <property name="user.language" value="en"/>
    <property name="java.specification.vendor" value="Oracle Corporation"/>
    <property name="java.version.date" value="2023-04-18"/>
    <property name="java.home" value="C:\Users\HELLO\.p2\pool\plugins\org.eclipse.justj.openjdk.hotspot.jre.full.win32.x86_64_17.0.7.v20230425-1502\jre"/>
    <property name="file.separator" value="\"/>
    <property name="style.color" value="always"/>
    <property name="basedir" value="C:\Users\HELLO\eclipse-workspace\Magento"/>
    <property name="java.vm.compressedOopsMode" value="Zero based"/>
    <property name="line.separator" value="&#10;"/>
    <property name="testng.Failed" value="0"/>
    <property name="java.vm.specification.vendor" value="Oracle Corporation"/>
    <property name="java.specification.name" value="Java Platform API Specification"/>
    <property name="surefire.real.class.path" value="C:\Users\HELLO\AppData\Local\Temp\surefire10341992171000687112\surefirebooter5161408497509564745.jar"/>
    <property name="user.script" value=""/>
    <property name="sun.management.compiler" value="HotSpot 64-Bit Tiered Compilers"/>
    <property name="java.runtime.version" value="17.0.7+7"/>
    <property name="user.name" value="HELLO"/>
    <property name="path.separator" value=";"/>
    <property name="os.version" value="10.0"/>
    <property name="testng.KnownDefect" value="0"/>
    <property name="java.runtime.name" value="OpenJDK Runtime Environment"/>
    <property name="file.encoding" value="Cp1252"/>
    <property name="testng.Fixed" value="0"/>
    <property name="java.vm.name" value="OpenJDK 64-Bit Server VM"/>
    <property name="java.vendor.version" value="Temurin-17.0.7+7"/>
    <property name="localRepository" value="C:\Users\HELLO\.m2\repository"/>
    <property name="java.vendor.url.bug" value="https://github.com/adoptium/adoptium-support/issues"/>
    <property name="java.io.tmpdir" value="C:\Users\HELLO\AppData\Local\Temp\"/>
    <property name="java.version" value="17.0.7"/>
    <property name="user.dir" value="C:\Users\HELLO\eclipse-workspace\Magento"/>
    <property name="os.arch" value="amd64"/>
    <property name="java.vm.specification.name" value="Java Virtual Machine Specification"/>
    <property name="sun.os.patch.level" value=""/>
    <property name="native.encoding" value="Cp1252"/>
    <property name="java.library.path" value="C:\Users\HELLO\.p2\pool\plugins\org.eclipse.justj.openjdk.hotspot.jre.full.win32.x86_64_17.0.7.v20230425-1502\jre\bin;C:\WINDOWS\Sun\Java\bin;C:\WINDOWS\system32;C:\WINDOWS;C:/Users/HELLO/.p2/pool/plugins/org.eclipse.justj.openjdk.hotspot.jre.full.win32.x86_64_17.0.7.v20230425-1502/jre/bin/server;C:/Users/HELLO/.p2/pool/plugins/org.eclipse.justj.openjdk.hotspot.jre.full.win32.x86_64_17.0.7.v20230425-1502/jre/bin;C:\Program Files\Common Files\Oracle\Java\javapath;C:\Program Files (x86)\Common Files\Oracle\Java\javapath;C:\WINDOWS\system32;C:\WINDOWS;C:\WINDOWS\System32\Wbem;C:\WINDOWS\System32\WindowsPowerShell\v1.0\;C:\WINDOWS\System32\OpenSSH\;C:\Program Files\nodejs\;C:\Users\HELLO\AppData\Local\Programs\Python\Python38;C:\Users\HELLO\AppData\Local\Programs\Python\Python38\Scripts;C:\Jar\allure-2.33.0\bin;C:\Program Files\Git\cmd;C:\Program Files\Java\jdk-21\bin;C:\Program Files\Apache\Maven\apache-maven-3.9.9\bin;C:\Program Files\Common Files\Oracle\Java\javapath;C:\Program Files (x86)\Common Files\Oracle\Java\javapath;C:\WINDOWS\system32;C:\WINDOWS;C:\WINDOWS\System32\Wbem;C:\WINDOWS\System32\WindowsPowerShell\v1.0\;C:\WINDOWS\System32\OpenSSH\;C:\Program Files\nodejs\;C:\Users\HELLO\AppData\Local\Programs\Python\Python38;C:\Users\HELLO\AppData\Local\Programs\Python\Python38\Scripts;C:\Program Files\Java\jdk-23\bin;C:\Jar\allure-2.33.0\bin;C:\Program Files\Git\cmd;C:\Program Files\Apache\Maven\bin;C:\Program Files\Java\jdk-23\bin;C:\Users\HELLO\AppData\Local\Microsoft\WindowsApps;C:\Program Files\MySQL\MySQL Shell 8.0\bin\;C:\Users\HELLO\AppData\Local\Programs\Microsoft VS Code\bin;C:\Program Files\Java\jdk-20.0.1\bin;C:\Users\HELLO\AppData\Roaming\npm;C:\Users\HELLO\AppData\Local\Programs\Python\Python38;C:\Users\HELLO\AppData\Local\Programs\Python\Python38\Scripts;C:\Users\HELLO\AppData\Local\Programs\Python\Python312;C:\Users\HELLO\AppData\Local\Programs\Python\Python312\Scripts;;C:\Program Files\Apache\Maven\bin;C:\WINDOWS\System32;;."/>
    <property name="java.vm.info" value="mixed mode"/>
    <property name="java.vendor" value="Eclipse Adoptium"/>
    <property name="java.vm.version" value="17.0.7+7"/>
    <property name="sun.io.unicode.encoding" value="UnicodeLittle"/>
    <property name="testng.Passed" value="7"/>
    <property name="java.class.version" value="61.0"/>
  </properties>
  <testcase name="runScenario[&quot;User Registration with Invalid Data Handling&quot;, &quot;: User Registration&quot;](1)" classname="com.Magento.TestRunner.Registration_TestRunner_NG" time="13.452">
    <system-out><![CDATA[
Scenario Outline: User Registration with Invalid Data Handling                                        &amp#27;[90m# src/test/resources/com.Magento.Feature/1S_Registration.feature:18&amp#27;[0m
  &amp#27;[32mGiven &amp#27;[0m&amp#27;[32mUser opens the Browser&amp#27;[0m                                                                        &amp#27;[90m# com.Magento.StepDefinition.RegistrationScenario.user_opens_the_browser()&amp#27;[0m
  &amp#27;[32mAnd &amp#27;[0m&amp#27;[32mUser navigates to the &amp#27;[0m&amp#27;[32m&amp#27;[1m"https://magento.softwaretestingboard.com/"&amp#27;[0m&amp#27;[32m Webpage&amp#27;[0m                       &amp#27;[90m# com.Magento.StepDefinition.RegistrationScenario.user_navigates_to_the_webpage(java.lang.String)&amp#27;[0m
  &amp#27;[32mAnd &amp#27;[0m&amp#27;[32mUser click on the link Create Account&amp#27;[0m                                                           &amp#27;[90m# com.Magento.StepDefinition.RegistrationScenario.user_click_on_the_link_create_account()&amp#27;[0m
  &amp#27;[32mWhen &amp#27;[0m&amp#27;[32mUser enters &amp#27;[0m&amp#27;[32m&amp#27;[1m'Sukanya'&amp#27;[0m&amp#27;[32m the First Name&amp#27;[0m                                                           &amp#27;[90m# com.Magento.StepDefinition.RegistrationScenario.user_enters_the_first_name(java.lang.String)&amp#27;[0m
  &amp#27;[32mAnd &amp#27;[0m&amp#27;[32mUser enters &amp#27;[0m&amp#27;[32m&amp#27;[1m'Gantasala'&amp#27;[0m&amp#27;[32m the Last Name&amp#27;[0m                                                           &amp#27;[90m# com.Magento.StepDefinition.RegistrationScenario.user_enters_the_last_name(java.lang.String)&amp#27;[0m
  &amp#27;[32mAnd &amp#27;[0m&amp#27;[32mUser enters &amp#27;[0m&amp#27;[32m&amp#27;[1m'saisukanya'&amp#27;[0m&amp#27;[32m the Email&amp#27;[0m                                                              &amp#27;[90m# com.Magento.StepDefinition.RegistrationScenario.user_enters_the_email(java.lang.String)&amp#27;[0m
  &amp#27;[32mAnd &amp#27;[0m&amp#27;[32mUser enters &amp#27;[0m&amp#27;[32m&amp#27;[1m'SaiSukanya@123'&amp#27;[0m&amp#27;[32m the Password&amp#27;[0m                                                       &amp#27;[90m# com.Magento.StepDefinition.RegistrationScenario.user_enters_the_password(java.lang.String)&amp#27;[0m
  &amp#27;[32mAnd &amp#27;[0m&amp#27;[32mUser enters &amp#27;[0m&amp#27;[32m&amp#27;[1m'SaiSukanya@123'&amp#27;[0m&amp#27;[32m the Confirm Password&amp#27;[0m                                               &amp#27;[90m# com.Magento.StepDefinition.RegistrationScenario.user_enters_the_confirm_password(java.lang.String)&amp#27;[0m
  &amp#27;[32mAnd &amp#27;[0m&amp#27;[32mUser clicks on the Create Account Button&amp#27;[0m                                                        &amp#27;[90m# com.Magento.StepDefinition.RegistrationScenario.user_clicks_on_the_create_account_button()&amp#27;[0m
  &amp#27;[32mThen &amp#27;[0m&amp#27;[32mUser verifies the Error Message &amp#27;[0m&amp#27;[32m&amp#27;[1m'Please enter a valid email address (Ex: johndoe@domain.com).'&amp#27;[0m &amp#27;[90m# com.Magento.StepDefinition.RegistrationScenario.user_verifies_the_error_message(java.lang.String)&amp#27;[0m
  &amp#27;[32mAnd &amp#27;[0m&amp#27;[32mUser closes the Browser&amp#27;[0m                                                                         &amp#27;[90m# com.Magento.StepDefinition.RegistrationScenario.user_closes_the_browser()&amp#27;[0m
]]></system-out>
    <system-err><![CDATA[SLF4J: Failed to load class "org.slf4j.impl.StaticLoggerBinder".
SLF4J: Defaulting to no-operation (NOP) logger implementation
SLF4J: See http://www.slf4j.org/codes.html#StaticLoggerBinder for further details.
Mar 26, 2025 10:54:25 AM org.openqa.selenium.devtools.CdpVersionFinder findNearestMatch
WARNING: Unable to find CDP implementation matching 134
Mar 26, 2025 10:54:25 AM org.openqa.selenium.chromium.ChromiumDriver lambda$new$5
WARNING: Unable to find version of CDP to use for 134.0.6998.119. You may need to include a dependency on a specific version of the CDP using something similar to `org.seleniumhq.selenium:selenium-devtools-v86:4.17.0` where the version ("v86") matches the version of the chromium-based browser you're using and the version number of the artifact is the same as Selenium's.
]]></system-err>
  </testcase>
  <testcase name="runScenario[&quot;User Registration with Valid Data Handling&quot;, &quot;: User Registration&quot;](2)" classname="com.Magento.TestRunner.Registration_TestRunner_NG" time="13.57">
    <system-out><![CDATA[
Scenario Outline: User Registration with Valid Data Handling                                                       &amp#27;[90m# src/test/resources/com.Magento.Feature/1S_Registration.feature:31&amp#27;[0m
  &amp#27;[32mGiven &amp#27;[0m&amp#27;[32mUser opens the Browser&amp#27;[0m                                                                                     &amp#27;[90m# com.Magento.StepDefinition.RegistrationScenario.user_opens_the_browser()&amp#27;[0m
  &amp#27;[32mAnd &amp#27;[0m&amp#27;[32mUser navigates to the &amp#27;[0m&amp#27;[32m&amp#27;[1m"https://magento.softwaretestingboard.com/"&amp#27;[0m&amp#27;[32m Webpage&amp#27;[0m                                    &amp#27;[90m# com.Magento.StepDefinition.RegistrationScenario.user_navigates_to_the_webpage(java.lang.String)&amp#27;[0m
  &amp#27;[32mAnd &amp#27;[0m&amp#27;[32mUser click on the link Create Account&amp#27;[0m                                                                        &amp#27;[90m# com.Magento.StepDefinition.RegistrationScenario.user_click_on_the_link_create_account()&amp#27;[0m
  &amp#27;[32mWhen &amp#27;[0m&amp#27;[32mUser enters &amp#27;[0m&amp#27;[32m&amp#27;[1m'Sukanya'&amp#27;[0m&amp#27;[32m the First Name&amp#27;[0m                                                                        &amp#27;[90m# com.Magento.StepDefinition.RegistrationScenario.user_enters_the_first_name(java.lang.String)&amp#27;[0m
  &amp#27;[32mAnd &amp#27;[0m&amp#27;[32mUser enters &amp#27;[0m&amp#27;[32m&amp#27;[1m'Gantasala'&amp#27;[0m&amp#27;[32m the Last Name&amp#27;[0m                                                                        &amp#27;[90m# com.Magento.StepDefinition.RegistrationScenario.user_enters_the_last_name(java.lang.String)&amp#27;[0m
  &amp#27;[32mAnd &amp#27;[0m&amp#27;[32mUser enters &amp#27;[0m&amp#27;[32m&amp#27;[1m'saisukanya37@gmail.com'&amp#27;[0m&amp#27;[32m the Email&amp#27;[0m                                                               &amp#27;[90m# com.Magento.StepDefinition.RegistrationScenario.user_enters_the_email(java.lang.String)&amp#27;[0m
  &amp#27;[32mAnd &amp#27;[0m&amp#27;[32mUser enters &amp#27;[0m&amp#27;[32m&amp#27;[1m'SaiSukanya@123'&amp#27;[0m&amp#27;[32m the Password&amp#27;[0m                                                                    &amp#27;[90m# com.Magento.StepDefinition.RegistrationScenario.user_enters_the_password(java.lang.String)&amp#27;[0m
  &amp#27;[32mAnd &amp#27;[0m&amp#27;[32mUser enters &amp#27;[0m&amp#27;[32m&amp#27;[1m'SaiSukanya@123'&amp#27;[0m&amp#27;[32m the Confirm Password&amp#27;[0m                                                            &amp#27;[90m# com.Magento.StepDefinition.RegistrationScenario.user_enters_the_confirm_password(java.lang.String)&amp#27;[0m
  &amp#27;[32mAnd &amp#27;[0m&amp#27;[32mUser clicks on the Create Account Button&amp#27;[0m                                                                     &amp#27;[90m# com.Magento.StepDefinition.RegistrationScenario.user_clicks_on_the_create_account_button()&amp#27;[0m
  &amp#27;[32mThen &amp#27;[0m&amp#27;[32mUser verifies that the user is registered successfully &amp#27;[0m&amp#27;[32m&amp#27;[1m'Thank you for registering with Main Website Store.'&amp#27;[0m &amp#27;[90m# com.Magento.StepDefinition.RegistrationScenario.user_verifies_that_the_user_is_registered_successfully(java.lang.String)&amp#27;[0m
  &amp#27;[32mAnd &amp#27;[0m&amp#27;[32mUser closes the Browser&amp#27;[0m                                                                                      &amp#27;[90m# com.Magento.StepDefinition.RegistrationScenario.user_closes_the_browser()&amp#27;[0m
]]></system-out>
    <system-err><![CDATA[Mar 26, 2025 10:54:37 AM org.openqa.selenium.devtools.CdpVersionFinder findNearestMatch
WARNING: Unable to find CDP implementation matching 134
Mar 26, 2025 10:54:37 AM org.openqa.selenium.chromium.ChromiumDriver lambda$new$5
WARNING: Unable to find version of CDP to use for 134.0.6998.119. You may need to include a dependency on a specific version of the CDP using something similar to `org.seleniumhq.selenium:selenium-devtools-v86:4.17.0` where the version ("v86") matches the version of the chromium-based browser you're using and the version number of the artifact is the same as Selenium's.
]]></system-err>
  </testcase>
  <testcase name="runScenario[&quot;Login, Product Search and Add to Cart&quot;, &quot;Unknown&quot;](1)" classname="com.Magento.TestRunner.LoginProductSearchAndAddToCart_TestRunner" time="18.845">
    <system-out><![CDATA[
Scenario Outline: Login, Product Search and Add to Cart                         &amp#27;[90m# src/test/resources/com.Magento.Feature/2S_Login,Product Search and Add to Cart.feature:16&amp#27;[0m
  &amp#27;[32mGiven &amp#27;[0m&amp#27;[32mUser opens the Browser&amp#27;[0m                                                  &amp#27;[90m# com.Magento.StepDefinition.RegistrationScenario.user_opens_the_browser()&amp#27;[0m
  &amp#27;[32mAnd &amp#27;[0m&amp#27;[32mUser navigates to the &amp#27;[0m&amp#27;[32m&amp#27;[1m"https://magento.softwaretestingboard.com/"&amp#27;[0m&amp#27;[32m Webpage&amp#27;[0m &amp#27;[90m# com.Magento.StepDefinition.RegistrationScenario.user_navigates_to_the_webpage(java.lang.String)&amp#27;[0m
  &amp#27;[32mAnd &amp#27;[0m&amp#27;[32mUser clicks on the link Sign In&amp#27;[0m                                           &amp#27;[90m# com.Magento.StepDefinition.LoginProductSearchAndAddToCartScenario.user_clicks_on_the_link_sign_in()&amp#27;[0m
  &amp#27;[32mWhen &amp#27;[0m&amp#27;[32mUser entered &amp#27;[0m&amp#27;[32m&amp#27;[1m'saisukanya@gmail.com'&amp#27;[0m&amp#27;[32m the Email&amp#27;[0m                            &amp#27;[90m# com.Magento.StepDefinition.LoginProductSearchAndAddToCartScenario.user_entered_the_email(java.lang.String)&amp#27;[0m
  &amp#27;[32mAnd &amp#27;[0m&amp#27;[32mUser entered &amp#27;[0m&amp#27;[32m&amp#27;[1m'SaiSukanya@123'&amp#27;[0m&amp#27;[32m the Password&amp#27;[0m                                &amp#27;[90m# com.Magento.StepDefinition.LoginProductSearchAndAddToCartScenario.user_entered_the_password(java.lang.String)&amp#27;[0m
  &amp#27;[32mAnd &amp#27;[0m&amp#27;[32mUser clicks  Sign In Button&amp#27;[0m                                               &amp#27;[90m# com.Magento.StepDefinition.LoginProductSearchAndAddToCartScenario.user_clicks_sign_in_button()&amp#27;[0m
  &amp#27;[32mThen &amp#27;[0m&amp#27;[32mUser Search for a Product &amp#27;[0m&amp#27;[32m&amp#27;[1m'Shirts'&amp#27;[0m                                       &amp#27;[90m# com.Magento.StepDefinition.LoginProductSearchAndAddToCartScenario.user_search_for_a_product(java.lang.String)&amp#27;[0m
  &amp#27;[32mAnd &amp#27;[0m&amp#27;[32mUser Click or Select a product from the Search Results page&amp#27;[0m               &amp#27;[90m# com.Magento.StepDefinition.LoginProductSearchAndAddToCartScenario.user_click_or_select_a_product_from_the_search_results_page()&amp#27;[0m
  &amp#27;[32mAnd &amp#27;[0m&amp#27;[32mUser Click on Add to Cart.&amp#27;[0m                                                &amp#27;[90m# com.Magento.StepDefinition.LoginProductSearchAndAddToCartScenario.user_click_on_add_to_cart()&amp#27;[0m
  &amp#27;[32mThen &amp#27;[0m&amp#27;[32mUser Verify that the product is added to the cart&amp#27;[0m                        &amp#27;[90m# com.Magento.StepDefinition.LoginProductSearchAndAddToCartScenario.user_verify_that_the_product_is_added_to_the_cart()&amp#27;[0m
  &amp#27;[32mAnd &amp#27;[0m&amp#27;[32mUser closes the Browser&amp#27;[0m                                                   &amp#27;[90m# com.Magento.StepDefinition.RegistrationScenario.user_closes_the_browser()&amp#27;[0m
]]></system-out>
    <system-err><![CDATA[Mar 26, 2025 10:54:50 AM org.openqa.selenium.devtools.CdpVersionFinder findNearestMatch
WARNING: Unable to find CDP implementation matching 134
Mar 26, 2025 10:54:50 AM org.openqa.selenium.chromium.ChromiumDriver lambda$new$5
WARNING: Unable to find version of CDP to use for 134.0.6998.119. You may need to include a dependency on a specific version of the CDP using something similar to `org.seleniumhq.selenium:selenium-devtools-v86:4.17.0` where the version ("v86") matches the version of the chromium-based browser you're using and the version number of the artifact is the same as Selenium's.
]]></system-err>
  </testcase>
  <testcase name="runScenario[&quot;Login with Invalid Credentials&quot;, &quot;Login with Valid &amp; Invalid Credentials&quot;](1)" classname="com.Magento.TestRunner.LoginWithValidAndInvalidCredentials_TestRunner" time="9.936">
    <system-out><![CDATA[
Scenario Outline: Login with Invalid Credentials                                                    &amp#27;[90m# src/test/resources/com.Magento.Feature/4S_Login with Valid & Invalid Credentials.feature:15&amp#27;[0m
  &amp#27;[32mGiven &amp#27;[0m&amp#27;[32mUser opens the Browser&amp#27;[0m                                                                      &amp#27;[90m# com.Magento.StepDefinition.RegistrationScenario.user_opens_the_browser()&amp#27;[0m
  &amp#27;[32mAnd &amp#27;[0m&amp#27;[32mUser navigates to the &amp#27;[0m&amp#27;[32m&amp#27;[1m"https://magento.softwaretestingboard.com/"&amp#27;[0m&amp#27;[32m Webpage&amp#27;[0m                     &amp#27;[90m# com.Magento.StepDefinition.RegistrationScenario.user_navigates_to_the_webpage(java.lang.String)&amp#27;[0m
  &amp#27;[32mAnd &amp#27;[0m&amp#27;[32mclick on the link Sign In&amp#27;[0m                                                                     &amp#27;[90m# com.Magento.StepDefinition.LoginWithValidAndInvalidCredentialsScenario.click_on_the_link()&amp#27;[0m
  &amp#27;[32mWhen &amp#27;[0m&amp#27;[32mUser enter &amp#27;[0m&amp#27;[32m&amp#27;[1m'saisukanya'&amp#27;[0m&amp#27;[32m the Email&amp#27;[0m                                                            &amp#27;[90m# com.Magento.StepDefinition.LoginWithValidAndInvalidCredentialsScenario.user_enter_the_email(java.lang.String)&amp#27;[0m
  &amp#27;[32mAnd &amp#27;[0m&amp#27;[32mUser enter &amp#27;[0m&amp#27;[32m&amp#27;[1m'SaiSukanya@123'&amp#27;[0m&amp#27;[32m the Password&amp#27;[0m                                                      &amp#27;[90m# com.Magento.StepDefinition.LoginWithValidAndInvalidCredentialsScenario.user_enter_the_password(java.lang.String)&amp#27;[0m
  &amp#27;[32mAnd &amp#27;[0m&amp#27;[32mUser clicks on the Sign In Button&amp#27;[0m                                                             &amp#27;[90m# com.Magento.StepDefinition.LoginWithValidAndInvalidCredentialsScenario.user_clicks_on_the_sign_in_button()&amp#27;[0m
  &amp#27;[32mThen &amp#27;[0m&amp#27;[32mUser verify the Error Message &amp#27;[0m&amp#27;[32m&amp#27;[1m'Please enter a valid email address (Ex: johndoe@domain.com).'&amp#27;[0m &amp#27;[90m# com.Magento.StepDefinition.LoginWithValidAndInvalidCredentialsScenario.user_verify_the_error_message(java.lang.String)&amp#27;[0m
  &amp#27;[32mAnd &amp#27;[0m&amp#27;[32mUser Closes the Browser&amp#27;[0m                                                                       &amp#27;[90m# com.Magento.StepDefinition.LoginWithValidAndInvalidCredentialsScenario.user_closes_the_browser()&amp#27;[0m
]]></system-out>
    <system-err><![CDATA[Mar 26, 2025 10:55:09 AM org.openqa.selenium.devtools.CdpVersionFinder findNearestMatch
WARNING: Unable to find CDP implementation matching 134
Mar 26, 2025 10:55:09 AM org.openqa.selenium.chromium.ChromiumDriver lambda$new$5
WARNING: Unable to find version of CDP to use for 134.0.6998.119. You may need to include a dependency on a specific version of the CDP using something similar to `org.seleniumhq.selenium:selenium-devtools-v86:4.17.0` where the version ("v86") matches the version of the chromium-based browser you're using and the version number of the artifact is the same as Selenium's.
]]></system-err>
  </testcase>
  <testcase name="runScenario[&quot;Login with Valid Credentials&quot;, &quot;Login with Valid &amp; Invalid Credentials&quot;](2)" classname="com.Magento.TestRunner.LoginWithValidAndInvalidCredentials_TestRunner" time="12.045">
    <system-out><![CDATA[
Scenario Outline: Login with Valid Credentials                                  &amp#27;[90m# src/test/resources/com.Magento.Feature/4S_Login with Valid & Invalid Credentials.feature:25&amp#27;[0m
  &amp#27;[32mGiven &amp#27;[0m&amp#27;[32mUser opens the Browser&amp#27;[0m                                                  &amp#27;[90m# com.Magento.StepDefinition.RegistrationScenario.user_opens_the_browser()&amp#27;[0m
  &amp#27;[32mAnd &amp#27;[0m&amp#27;[32mUser navigates to the &amp#27;[0m&amp#27;[32m&amp#27;[1m"https://magento.softwaretestingboard.com/"&amp#27;[0m&amp#27;[32m Webpage&amp#27;[0m &amp#27;[90m# com.Magento.StepDefinition.RegistrationScenario.user_navigates_to_the_webpage(java.lang.String)&amp#27;[0m
  &amp#27;[32mAnd &amp#27;[0m&amp#27;[32mclick on the link Sign In&amp#27;[0m                                                 &amp#27;[90m# com.Magento.StepDefinition.LoginWithValidAndInvalidCredentialsScenario.click_on_the_link()&amp#27;[0m
  &amp#27;[32mWhen &amp#27;[0m&amp#27;[32mUser enter &amp#27;[0m&amp#27;[32m&amp#27;[1m'saisukanya@gmail.com'&amp#27;[0m&amp#27;[32m the Email&amp#27;[0m                              &amp#27;[90m# com.Magento.StepDefinition.LoginWithValidAndInvalidCredentialsScenario.user_enter_the_email(java.lang.String)&amp#27;[0m
  &amp#27;[32mAnd &amp#27;[0m&amp#27;[32mUser enter &amp#27;[0m&amp#27;[32m&amp#27;[1m'SaiSukanya@123'&amp#27;[0m&amp#27;[32m the Password&amp#27;[0m                                  &amp#27;[90m# com.Magento.StepDefinition.LoginWithValidAndInvalidCredentialsScenario.user_enter_the_password(java.lang.String)&amp#27;[0m
  &amp#27;[32mAnd &amp#27;[0m&amp#27;[32mUser clicks on the Sign In Button&amp#27;[0m                                         &amp#27;[90m# com.Magento.StepDefinition.LoginWithValidAndInvalidCredentialsScenario.user_clicks_on_the_sign_in_button()&amp#27;[0m
  &amp#27;[32mThen &amp#27;[0m&amp#27;[32mUser Verify that Home Page is displayed after login &amp#27;[0m&amp#27;[32m&amp#27;[1m'Home Page'&amp#27;[0m          &amp#27;[90m# com.Magento.StepDefinition.LoginWithValidAndInvalidCredentialsScenario.user_verify_that_is_displayed_after_login(java.lang.String)&amp#27;[0m
  &amp#27;[32mAnd &amp#27;[0m&amp#27;[32mUser Closes the Browser&amp#27;[0m                                                   &amp#27;[90m# com.Magento.StepDefinition.LoginWithValidAndInvalidCredentialsScenario.user_closes_the_browser()&amp#27;[0m
]]></system-out>
    <system-err><![CDATA[Mar 26, 2025 10:55:19 AM org.openqa.selenium.devtools.CdpVersionFinder findNearestMatch
WARNING: Unable to find CDP implementation matching 134
Mar 26, 2025 10:55:19 AM org.openqa.selenium.chromium.ChromiumDriver lambda$new$5
WARNING: Unable to find version of CDP to use for 134.0.6998.119. You may need to include a dependency on a specific version of the CDP using something similar to `org.seleniumhq.selenium:selenium-devtools-v86:4.17.0` where the version ("v86") matches the version of the chromium-based browser you're using and the version number of the artifact is the same as Selenium's.
]]></system-err>
  </testcase>
  <testcase name="runScenario[&quot;Adding Multiple Products to Cart &amp; Validating Cart Summary&quot;, &quot;Unknown&quot;](1)" classname="com.Magento.TestRunner.AddingMultipleProductsToCartAndValidation_TestRunner" time="69.677">
    <system-out><![CDATA[
Scenario Outline: Adding Multiple Products to Cart & Validating Cart Summary    &amp#27;[90m# src/test/resources/com.Magento.Feature/5S_Adding Multiple Products to Cart And Validating Cart Summary.feature:32&amp#27;[0m
  &amp#27;[32mGiven &amp#27;[0m&amp#27;[32mUser opens the Browser&amp#27;[0m                                                  &amp#27;[90m# com.Magento.StepDefinition.RegistrationScenario.user_opens_the_browser()&amp#27;[0m
  &amp#27;[32mAnd &amp#27;[0m&amp#27;[32mUser navigates to the &amp#27;[0m&amp#27;[32m&amp#27;[1m"https://magento.softwaretestingboard.com/"&amp#27;[0m&amp#27;[32m Webpage&amp#27;[0m &amp#27;[90m# com.Magento.StepDefinition.RegistrationScenario.user_navigates_to_the_webpage(java.lang.String)&amp#27;[0m
  &amp#27;[32mAnd &amp#27;[0m&amp#27;[32mUser Click the link SignIn in homepage&amp#27;[0m                                    &amp#27;[90m# com.Magento.StepDefinition.AddingMultipleProductsToCartAndValidatingCartSummaryScenario.user_click_the_link_sign_in_in_homepage()&amp#27;[0m
saisukanya@gmail.com
SaiSukanya@123
  &amp#27;[32mAnd &amp#27;[0m&amp#27;[32mUser Enter the required details to Login&amp#27;[0m                                  &amp#27;[90m# com.Magento.StepDefinition.AddingMultipleProductsToCartAndValidatingCartSummaryScenario.user_enter_the_required_details_to_login(io.cucumber.datatable.DataTable)&amp#27;[0m
    | TestData.xlsx |
  &amp#27;[32mAnd &amp#27;[0m&amp#27;[32mUser Clicks on Signin button&amp#27;[0m                                              &amp#27;[90m# com.Magento.StepDefinition.AddingMultipleProductsToCartAndValidatingCartSummaryScenario.user_clicks_on_signin_button()&amp#27;[0m
  &amp#27;[32mAnd &amp#27;[0m&amp#27;[32mUser Search for a &amp#27;[0m&amp#27;[32m&amp#27;[1m'men'&amp#27;[0m&amp#27;[32m Product&amp#27;[0m                                           &amp#27;[90m# com.Magento.StepDefinition.AddingMultipleProductsToCartAndValidatingCartSummaryScenario.user_search_for_a_product(java.lang.String)&amp#27;[0m
  &amp#27;[32mAnd &amp#27;[0m&amp#27;[32mUser Select autosuggestion &amp#27;[0m&amp#27;[32m&amp#27;[1m'mens T shirt'&amp#27;[0m&amp#27;[32m from List displayed&amp#27;[0m             &amp#27;[90m# com.Magento.StepDefinition.AddingMultipleProductsToCartAndValidatingCartSummaryScenario.user_select_autosuggestion_from_list_displayed(java.lang.String)&amp#27;[0m
Exception in selectFirstProductorg.openqa.selenium.NoSuchElementException: no such element: Unable to locate element: {"method":"xpath","selector":"//*[@id="maincontent"]/div[3]/div[1]/div[2]/div[2]/ol/li[2]/div/a/span/span/img"}
  (Session info: chrome=134.0.6998.119)
For documentation on this error, please visit: https://www.selenium.dev/documentation/webdriver/troubleshooting/errors#no-such-element-exception
Build info: version: '4.17.0', revision: 'e52b1be057*'
System info: os.name: 'Windows 11', os.arch: 'amd64', os.version: '10.0', java.version: '17.0.7'
Driver info: org.openqa.selenium.chrome.ChromeDriver
Command: [3d882be03963459f522d25c2ffdd1556, findElement {value=//*[@id="maincontent"]/div[3]/div[1]/div[2]/div[2]/ol/li[2]/div/a/span/span/img, using=xpath}]
Capabilities {acceptInsecureCerts: false, browserName: chrome, browserVersion: 134.0.6998.119, chrome: {chromedriverVersion: 134.0.6998.165 (fd886e2cb29..., userDataDir: C:\Users\HELLO\AppData\Loca...}, fedcm:accounts: true, goog:chromeOptions: {debuggerAddress: localhost:60418}, networkConnectionEnabled: false, pageLoadStrategy: normal, platformName: windows, proxy: Proxy(), se:cdp: ws://localhost:60418/devtoo..., se:cdpVersion: 134.0.6998.119, setWindowRect: true, strictFileInteractability: false, timeouts: {implicit: 0, pageLoad: 300000, script: 30000}, unhandledPromptBehavior: dismiss and notify, webauthn:extension:credBlob: true, webauthn:extension:largeBlob: true, webauthn:extension:minPinLength: true, webauthn:extension:prf: true, webauthn:virtualAuthenticators: true}
Session ID: 3d882be03963459f522d25c2ffdd1556
Exception in selectSecondProductorg.openqa.selenium.TimeoutException: Expected condition failed: waiting for element to be clickable: By.xpath: //*[@id="maincontent"]/div[3]/div[1]/div[2]/div[2]/ol/li[1]/div/a/span/span/img[@alt="Adrienne Trek Jacket"] (tried for 20 second(s) with 500 milliseconds interval)
Build info: version: '4.17.0', revision: 'e52b1be057*'
System info: os.name: 'Windows 11', os.arch: 'amd64', os.version: '10.0', java.version: '17.0.7'
Driver info: org.openqa.selenium.chrome.ChromeDriver
Capabilities {acceptInsecureCerts: false, browserName: chrome, browserVersion: 134.0.6998.119, chrome: {chromedriverVersion: 134.0.6998.165 (fd886e2cb29..., userDataDir: C:\Users\HELLO\AppData\Loca...}, fedcm:accounts: true, goog:chromeOptions: {debuggerAddress: localhost:60418}, networkConnectionEnabled: false, pageLoadStrategy: normal, platformName: windows, proxy: Proxy(), se:cdp: ws://localhost:60418/devtoo..., se:cdpVersion: 134.0.6998.119, setWindowRect: true, strictFileInteractability: false, timeouts: {implicit: 0, pageLoad: 300000, script: 30000}, unhandledPromptBehavior: dismiss and notify, webauthn:extension:credBlob: true, webauthn:extension:largeBlob: true, webauthn:extension:minPinLength: true, webauthn:extension:prf: true, webauthn:virtualAuthenticators: true}
Session ID: 3d882be03963459f522d25c2ffdd1556
  &amp#27;[32mAnd &amp#27;[0m&amp#27;[32mUser Select Product &amp#27;[0m&amp#27;[32m&amp#27;[1m'Balboa Persistence Tee'&amp#27;[0m&amp#27;[32m in nextpage&amp#27;[0m                  &amp#27;[90m# com.Magento.StepDefinition.AddingMultipleProductsToCartAndValidatingCartSummaryScenario.user_select_product_in_nextpage(java.lang.String)&amp#27;[0m
XS
Orange
1
  &amp#27;[32mAnd &amp#27;[0m&amp#27;[32mUser Selects the Size,Color,Quantity in Search result page&amp#27;[0m                &amp#27;[90m# com.Magento.StepDefinition.AddingMultipleProductsToCartAndValidatingCartSummaryScenario.user_selects_the_size_color_quantity_in_search_result_page(io.cucumber.datatable.DataTable)&amp#27;[0m
    | ProductDetails.xlsx |
  &amp#27;[32mAnd &amp#27;[0m&amp#27;[32mUser Click on Add to Cart&amp#27;[0m                                                 &amp#27;[90m# com.Magento.StepDefinition.AddingMultipleProductsToCartAndValidatingCartSummaryScenario.user_click_on_add_to_cart()&amp#27;[0m
  &amp#27;[32mAnd &amp#27;[0m&amp#27;[32mUser Search for a &amp#27;[0m&amp#27;[32m&amp#27;[1m'men'&amp#27;[0m&amp#27;[32m Product&amp#27;[0m                                           &amp#27;[90m# com.Magento.StepDefinition.AddingMultipleProductsToCartAndValidatingCartSummaryScenario.user_search_for_a_product(java.lang.String)&amp#27;[0m
  &amp#27;[32mAnd &amp#27;[0m&amp#27;[32mUser Select autosuggestion &amp#27;[0m&amp#27;[32m&amp#27;[1m'men jacket'&amp#27;[0m&amp#27;[32m from List displayed&amp#27;[0m               &amp#27;[90m# com.Magento.StepDefinition.AddingMultipleProductsToCartAndValidatingCartSummaryScenario.user_select_autosuggestion_from_list_displayed(java.lang.String)&amp#27;[0m
Exception in selectFirstProductorg.openqa.selenium.NoSuchElementException: no such element: Unable to locate element: {"method":"xpath","selector":"//*[@id="maincontent"]/div[3]/div[1]/div[2]/div[2]/ol/li[2]/div/a/span/span/img"}
  (Session info: chrome=134.0.6998.119)
For documentation on this error, please visit: https://www.selenium.dev/documentation/webdriver/troubleshooting/errors#no-such-element-exception
Build info: version: '4.17.0', revision: 'e52b1be057*'
System info: os.name: 'Windows 11', os.arch: 'amd64', os.version: '10.0', java.version: '17.0.7'
Driver info: org.openqa.selenium.chrome.ChromeDriver
Command: [3d882be03963459f522d25c2ffdd1556, findElement {value=//*[@id="maincontent"]/div[3]/div[1]/div[2]/div[2]/ol/li[2]/div/a/span/span/img, using=xpath}]
Capabilities {acceptInsecureCerts: false, browserName: chrome, browserVersion: 134.0.6998.119, chrome: {chromedriverVersion: 134.0.6998.165 (fd886e2cb29..., userDataDir: C:\Users\HELLO\AppData\Loca...}, fedcm:accounts: true, goog:chromeOptions: {debuggerAddress: localhost:60418}, networkConnectionEnabled: false, pageLoadStrategy: normal, platformName: windows, proxy: Proxy(), se:cdp: ws://localhost:60418/devtoo..., se:cdpVersion: 134.0.6998.119, setWindowRect: true, strictFileInteractability: false, timeouts: {implicit: 0, pageLoad: 300000, script: 30000}, unhandledPromptBehavior: dismiss and notify, webauthn:extension:credBlob: true, webauthn:extension:largeBlob: true, webauthn:extension:minPinLength: true, webauthn:extension:prf: true, webauthn:virtualAuthenticators: true}
Session ID: 3d882be03963459f522d25c2ffdd1556
Exception in selectSecondProductorg.openqa.selenium.TimeoutException: Expected condition failed: waiting for element to be clickable: By.xpath: //*[@id="maincontent"]/div[3]/div[1]/div[2]/div[2]/ol/li[1]/div/a/span/span/img[@alt="Adrienne Trek Jacket"] (tried for 20 second(s) with 500 milliseconds interval)
Build info: version: '4.17.0', revision: 'e52b1be057*'
System info: os.name: 'Windows 11', os.arch: 'amd64', os.version: '10.0', java.version: '17.0.7'
Driver info: org.openqa.selenium.chrome.ChromeDriver
Capabilities {acceptInsecureCerts: false, browserName: chrome, browserVersion: 134.0.6998.119, chrome: {chromedriverVersion: 134.0.6998.165 (fd886e2cb29..., userDataDir: C:\Users\HELLO\AppData\Loca...}, fedcm:accounts: true, goog:chromeOptions: {debuggerAddress: localhost:60418}, networkConnectionEnabled: false, pageLoadStrategy: normal, platformName: windows, proxy: Proxy(), se:cdp: ws://localhost:60418/devtoo..., se:cdpVersion: 134.0.6998.119, setWindowRect: true, strictFileInteractability: false, timeouts: {implicit: 0, pageLoad: 300000, script: 30000}, unhandledPromptBehavior: dismiss and notify, webauthn:extension:credBlob: true, webauthn:extension:largeBlob: true, webauthn:extension:minPinLength: true, webauthn:extension:prf: true, webauthn:virtualAuthenticators: true}
Session ID: 3d882be03963459f522d25c2ffdd1556
  &amp#27;[32mAnd &amp#27;[0m&amp#27;[32mUser Select Product &amp#27;[0m&amp#27;[32m&amp#27;[1m'Adrienne Trek Jacket'&amp#27;[0m&amp#27;[32m in nextpage&amp#27;[0m                    &amp#27;[90m# com.Magento.StepDefinition.AddingMultipleProductsToCartAndValidatingCartSummaryScenario.user_select_product_in_nextpage(java.lang.String)&amp#27;[0m
XS
Orange
1
  &amp#27;[32mAnd &amp#27;[0m&amp#27;[32mUser Selects the Size,Color,Quantity in Search result page&amp#27;[0m                &amp#27;[90m# com.Magento.StepDefinition.AddingMultipleProductsToCartAndValidatingCartSummaryScenario.user_selects_the_size_color_quantity_in_search_result_page(io.cucumber.datatable.DataTable)&amp#27;[0m
    | ProductDetails.xlsx |
  &amp#27;[32mAnd &amp#27;[0m&amp#27;[32mUser Click on Add to Cart&amp#27;[0m                                                 &amp#27;[90m# com.Magento.StepDefinition.AddingMultipleProductsToCartAndValidatingCartSummaryScenario.user_click_on_add_to_cart()&amp#27;[0m
  &amp#27;[32mAnd &amp#27;[0m&amp#27;[32mUser Navigate to the cart page&amp#27;[0m                                            &amp#27;[90m# com.Magento.StepDefinition.AddingMultipleProductsToCartAndValidatingCartSummaryScenario.user_navigate_to_the_cart_page()&amp#27;[0m
  &amp#27;[32mAnd &amp#27;[0m&amp#27;[32mUser Verify that the correct products and total price are displayed.&amp#27;[0m      &amp#27;[90m# com.Magento.StepDefinition.AddingMultipleProductsToCartAndValidatingCartSummaryScenario.user_verify_that_the_correct_products_and_total_price_are_displayed()&amp#27;[0m
  &amp#27;[32mAnd &amp#27;[0m&amp#27;[32mUser Closes the Browser&amp#27;[0m                                                   &amp#27;[90m# com.Magento.StepDefinition.LoginWithValidAndInvalidCredentialsScenario.user_closes_the_browser()&amp#27;[0m
]]></system-out>
    <system-err><![CDATA[Mar 26, 2025 10:55:31 AM org.openqa.selenium.devtools.CdpVersionFinder findNearestMatch
WARNING: Unable to find CDP implementation matching 134
Mar 26, 2025 10:55:31 AM org.openqa.selenium.chromium.ChromiumDriver lambda$new$5
WARNING: Unable to find version of CDP to use for 134.0.6998.119. You may need to include a dependency on a specific version of the CDP using something similar to `org.seleniumhq.selenium:selenium-devtools-v86:4.17.0` where the version ("v86") matches the version of the chromium-based browser you're using and the version number of the artifact is the same as Selenium's.
]]></system-err>
  </testcase>
  <testcase name="runScenario[&quot;&quot;, &quot;Logging Out and Verifying Session End&quot;](1)" classname="com.Magento.TestRunner.LoggingOutAndVerifyingSessionEnd_TestRunner" time="13.034">
    <system-out><![CDATA[
Scenario:                                                                           &amp#27;[90m# src/test/resources/com.Magento.Feature/6S_Logging Out and Verifying Session End.feature:2&amp#27;[0m
  &amp#27;[32mGiven &amp#27;[0m&amp#27;[32mUser opens the Browser&amp#27;[0m                                                      &amp#27;[90m# com.Magento.StepDefinition.RegistrationScenario.user_opens_the_browser()&amp#27;[0m
  &amp#27;[32mAnd &amp#27;[0m&amp#27;[32mUser navigates to the &amp#27;[0m&amp#27;[32m&amp#27;[1m"https://magento.softwaretestingboard.com/"&amp#27;[0m&amp#27;[32m Webpage&amp#27;[0m     &amp#27;[90m# com.Magento.StepDefinition.RegistrationScenario.user_navigates_to_the_webpage(java.lang.String)&amp#27;[0m
  &amp#27;[32mAnd &amp#27;[0m&amp#27;[32mUser click on the link Sign In&amp#27;[0m                                                &amp#27;[90m# com.Magento.StepDefinition.LoggingOutAndVerifyingSessionEndScenario.user_click_on_the_link_sign_in()&amp#27;[0m
saisukanya@gmail.com
SaiSukanya@123
  &amp#27;[32mWhen &amp#27;[0m&amp#27;[32mUser enters the Valid Login Credentials&amp#27;[0m                                      &amp#27;[90m# com.Magento.StepDefinition.LoggingOutAndVerifyingSessionEndScenario.user_enters_the_valid_login_credentials(io.cucumber.datatable.DataTable)&amp#27;[0m
    | TestData.xlsx |
  &amp#27;[32mAnd &amp#27;[0m&amp#27;[32mUser clicks  the Sign In Button&amp#27;[0m                                               &amp#27;[90m# com.Magento.StepDefinition.LoggingOutAndVerifyingSessionEndScenario.user_clicks_the_sign_in_button()&amp#27;[0m
  &amp#27;[32mAnd &amp#27;[0m&amp#27;[32mUser Click Logout from My Account&amp#27;[0m                                             &amp#27;[90m# com.Magento.StepDefinition.LoggingOutAndVerifyingSessionEndScenario.user_click_logout_from_my_account()&amp#27;[0m
  &amp#27;[32mThen &amp#27;[0m&amp#27;[32mUser Verify that the session ends and the user is redirected to the homepage&amp#27;[0m &amp#27;[90m# com.Magento.StepDefinition.LoggingOutAndVerifyingSessionEndScenario.user_verify_that_the_session_ends_and_the_user_is_redirected_to_the_homepage()&amp#27;[0m
  &amp#27;[32mAnd &amp#27;[0m&amp#27;[32mUser Closes the Browser&amp#27;[0m                                                       &amp#27;[90m# com.Magento.StepDefinition.LoginWithValidAndInvalidCredentialsScenario.user_closes_the_browser()&amp#27;[0m
]]></system-out>
    <system-err><![CDATA[Mar 26, 2025 10:56:41 AM org.openqa.selenium.devtools.CdpVersionFinder findNearestMatch
WARNING: Unable to find CDP implementation matching 134
Mar 26, 2025 10:56:41 AM org.openqa.selenium.chromium.ChromiumDriver lambda$new$5
WARNING: Unable to find version of CDP to use for 134.0.6998.119. You may need to include a dependency on a specific version of the CDP using something similar to `org.seleniumhq.selenium:selenium-devtools-v86:4.17.0` where the version ("v86") matches the version of the chromium-based browser you're using and the version number of the artifact is the same as Selenium's.
]]></system-err>
  </testcase>
</testsuite>