<?xml version="1.0" encoding="UTF-8"?>
<!-- Generated by org.testng.reporters.JUnitReportReporter -->
<testsuite hostname="DESKTOP-OPJ1FSC" failures="0" tests="1" name="com.Magento.TestRunner.LoginProductSearchAndAddToCart_TestRunner" time="37.446" errors="0" timestamp="2025-03-26T10:34:18 IST" skipped="0">
  <testcase classname="com.Magento.TestRunner.LoginProductSearchAndAddToCart_TestRunner" name="runScenario" time="37.446"/>
</testsuite> <!-- com.Magento.TestRunner.LoginProductSearchAndAddToCart_TestRunner -->
