<?xml version="1.0" encoding="UTF-8"?>
<!-- Generated by org.testng.reporters.JUnitReportReporter -->
<testsuite hostname="DESKTOP-OPJ1FSC" failures="0" tests="2" name="com.Magento.TestRunner.LoginWithValidAndInvalidCredentials_TestRunner" time="21.490" errors="0" timestamp="2025-03-24T15:41:11 IST" skipped="0">
  <testcase classname="com.Magento.TestRunner.LoginWithValidAndInvalidCredentials_TestRunner" name="runScenario" time="9.928"/>
  <testcase classname="com.Magento.TestRunner.LoginWithValidAndInvalidCredentials_TestRunner" name="runScenario" time="11.562"/>
</testsuite> <!-- com.Magento.TestRunner.LoginWithValidAndInvalidCredentials_TestRunner -->
