<?xml version="1.0" encoding="UTF-8"?>
<!-- Generated by org.testng.reporters.JUnitReportReporter -->
<testsuite hostname="DESKTOP-OPJ1FSC" failures="1" tests="1" name="com.Magento.TestRunner.AddingMultipleProductsToCartAndValidation_TestRunner" time="78.127" errors="0" timestamp="2025-03-26T10:39:08 IST" skipped="0">
  <testcase classname="com.Magento.TestRunner.AddingMultipleProductsToCartAndValidation_TestRunner" name="runScenario" time="78.127">
    <failure message="expected [$127.00] but found [$254.00]" type="java.lang.AssertionError">
      <![CDATA[java.lang.AssertionError: expected [$127.00] but found [$254.00]
at org.testng.Assert.fail(Assert.java:111)
at org.testng.Assert.failNotEquals(Assert.java:1578)
at org.testng.Assert.assertEqualsImpl(Assert.java:150)
at org.testng.Assert.assertEquals(Assert.java:132)
at org.testng.Assert.assertEquals(Assert.java:656)
at org.testng.Assert.assertEquals(Assert.java:666)
at com.Magento.StepDefinition.AddingMultipleProductsToCartAndValidatingCartSummaryScenario.user_verify_that_the_correct_products_and_total_price_are_displayed(AddingMultipleProductsToCartAndValidatingCartSummaryScenario.java:146)
at âœ½.User Verify that the correct products and total price are displayed.(file:///C:/Users/HELLO/eclipse-workspace/Magento/src/test/resources/com.Magento.Feature/5S_Adding%20Multiple%20Products%20to%20Cart%20And%20Validating%20Cart%20Summary.feature:28)
]]>
    </failure>
  </testcase> <!-- runScenario -->
</testsuite> <!-- com.Magento.TestRunner.AddingMultipleProductsToCartAndValidation_TestRunner -->
