<?xml version="1.0" encoding="UTF-8"?>
<!-- Generated by org.testng.reporters.JUnitReportReporter -->
<testsuite hostname="DESKTOP-OPJ1FSC" failures="0" tests="1" name="com.Magento.TestRunner.LoggingOutAndVerifyingSessionEnd_TestRunner" time="17.066" errors="0" timestamp="2025-03-24T15:41:11 IST" skipped="0">
  <testcase classname="com.Magento.TestRunner.LoggingOutAndVerifyingSessionEnd_TestRunner" name="runScenario" time="17.066"/>
</testsuite> <!-- com.Magento.TestRunner.LoggingOutAndVerifyingSessionEnd_TestRunner -->
