<?xml version="1.0" encoding="UTF-8"?>
<!-- Generated by org.testng.reporters.JUnitReportReporter -->
<testsuite hostname="DESKTOP-OPJ1FSC" failures="0" tests="2" name="com.Magento.TestRunner.Registration_TestRunner_NG" time="29.368" errors="0" timestamp="2025-03-24T15:41:11 IST" skipped="0">
  <testcase classname="com.Magento.TestRunner.Registration_TestRunner_NG" name="runScenario" time="14.300"/>
  <testcase classname="com.Magento.TestRunner.Registration_TestRunner_NG" name="runScenario" time="15.068"/>
</testsuite> <!-- com.Magento.TestRunner.Registration_TestRunner_NG -->
