<?xml version="1.0" encoding="UTF-8"?>
<!-- Generated by org.testng.reporters.JUnitReportReporter -->
<testsuite hostname="DESKTOP-OPJ1FSC" failures="0" tests="2" name="com.Magento.TestRunner.TestRunner_NG" time="66.561" errors="0" timestamp="2025-03-19T11:18:26 IST" skipped="0">
  <testcase classname="com.Magento.TestRunner.TestRunner_NG" name="runScenario" time="17.342"/>
  <testcase classname="com.Magento.TestRunner.TestRunner_NG" name="runScenario" time="49.219"/>
</testsuite> <!-- com.Magento.TestRunner.TestRunner_NG -->
